# JRE version: Java(TM) SE Runtime Environment (8.0_92-b14) (build 1.8.0_92-b14)
# Java VM: Java HotSpot(TM) Client VM (25.92-b14 mixed mode windows-x86 )
Heap:
 def new generation   total 39424K, used 10352K [0x04a00000, 0x074c0000, 0x0f4a0000)
  eden space 35072K,  17% used [0x04a00000, 0x04fdc298, 0x06c40000)
  from space 4352K, 100% used [0x07080000, 0x074c0000, 0x074c0000)
  to   space 4352K,   0% used [0x06c40000, 0x06c40000, 0x07080000)
 tenured generation   total 87424K, used 53672K [0x0f4a0000, 0x14a00000, 0x24a00000)
   the space 87424K,  61% used [0x0f4a0000, 0x1290a1d8, 0x1290a200, 0x14a00000)
 Metaspace       used 18118K, capacity 18554K, committed 18688K, reserved 18816K
GC Heap History (10 events):
Event: 2.439 GC heap before
{Heap before GC invocations=1 (full 0):
 def new generation   total 39296K, used 39296K [0x04a00000, 0x074a0000, 0x0f4a0000)
  eden space 34944K, 100% used [0x04a00000, 0x06c20000, 0x06c20000)
  from space 4352K, 100% used [0x07060000, 0x074a0000, 0x074a0000)
  to   space 4352K,   0% used [0x06c20000, 0x06c20000, 0x07060000)
 tenured generation   total 87424K, used 2793K [0x0f4a0000, 0x14a00000, 0x24a00000)
   the space 87424K,   3% used [0x0f4a0000, 0x0f75a718, 0x0f75a800, 0x14a00000)
 Metaspace       used 11740K, capacity 12057K, committed 12160K, reserved 12672K
Event: 2.500 GC heap after
Heap after GC invocations=2 (full 0):
 def new generation   total 39296K, used 4352K [0x04a00000, 0x074a0000, 0x0f4a0000)
  eden space 34944K,   0% used [0x04a00000, 0x04a00000, 0x06c20000)
  from space 4352K, 100% used [0x06c20000, 0x07060000, 0x07060000)
  to   space 4352K,   0% used [0x07060000, 0x07060000, 0x074a0000)
 tenured generation   total 87424K, used 8952K [0x0f4a0000, 0x14a00000, 0x24a00000)
   the space 87424K,  10% used [0x0f4a0000, 0x0fd5e218, 0x0fd5e400, 0x14a00000)
 Metaspace       used 11740K, capacity 12057K, committed 12160K, reserved 12672K
}
Event: 3.121 GC heap before
{Heap before GC invocations=2 (full 0):
 def new generation   total 39296K, used 10726K [0x04a00000, 0x074a0000, 0x0f4a0000)
  eden space 34944K,  18% used [0x04a00000, 0x05039a50, 0x06c20000)
  from space 4352K, 100% used [0x06c20000, 0x07060000, 0x07060000)
  to   space 4352K,   0% used [0x07060000, 0x07060000, 0x074a0000)
 tenured generation   total 87424K, used 8952K [0x0f4a0000, 0x14a00000, 0x24a00000)
   the space 87424K,  10% used [0x0f4a0000, 0x0fd5e218, 0x0fd5e400, 0x14a00000)
 Metaspace       used 11918K, capacity 12262K, committed 12288K, reserved 12672K
Event: 3.180 GC heap after
Heap after GC invocations=3 (full 1):
 def new generation   total 39424K, used 0K [0x04a00000, 0x074c0000, 0x0f4a0000)
  eden space 35072K,   0% used [0x04a00000, 0x04a00000, 0x06c40000)
  from space 4352K,   0% used [0x06c40000, 0x06c40000, 0x07080000)
  to   space 4352K,   0% used [0x07080000, 0x07080000, 0x074c0000)
 tenured generation   total 87424K, used 13983K [0x0f4a0000, 0x14a00000, 0x24a00000)
   the space 87424K,  15% used [0x0f4a0000, 0x10247e20, 0x10248000, 0x14a00000)
 Metaspace       used 11918K, capacity 12262K, committed 12288K, reserved 12672K
}
Event: 4.504 GC heap before
{Heap before GC invocations=3 (full 1):
 def new generation   total 39424K, used 33857K [0x04a00000, 0x074c0000, 0x0f4a0000)
  eden space 35072K,  96% used [0x04a00000, 0x06b10778, 0x06c40000)
  from space 4352K,   0% used [0x06c40000, 0x06c40000, 0x07080000)
  to   space 4352K,   0% used [0x07080000, 0x07080000, 0x074c0000)
 tenured generation   total 87424K, used 13983K [0x0f4a0000, 0x14a00000, 0x24a00000)
   the space 87424K,  15% used [0x0f4a0000, 0x10247e20, 0x10248000, 0x14a00000)
 Metaspace       used 17301K, capacity 17726K, committed 17792K, reserved 17792K
Event: 4.526 GC heap after
Heap after GC invocations=4 (full 1):
 def new generation   total 39424K, used 4352K [0x04a00000, 0x074c0000, 0x0f4a0000)
  eden space 35072K,   0% used [0x04a00000, 0x04a00000, 0x06c40000)
  from space 4352K, 100% used [0x07080000, 0x074c0000, 0x074c0000)
  to   space 4352K,   0% used [0x06c40000, 0x06c40000, 0x07080000)
 tenured generation   total 87424K, used 16130K [0x0f4a0000, 0x14a00000, 0x24a00000)
   the space 87424K,  18% used [0x0f4a0000, 0x10460830, 0x10460a00, 0x14a00000)
 Metaspace       used 17301K, capacity 17726K, committed 17792K, reserved 17792K
}
Event: 4.632 GC heap before
{Heap before GC invocations=4 (full 1):
 def new generation   total 39424K, used 38455K [0x04a00000, 0x074c0000, 0x0f4a0000)
  eden space 35072K,  97% used [0x04a00000, 0x06b4de38, 0x06c40000)
  from space 4352K, 100% used [0x07080000, 0x074c0000, 0x074c0000)
  to   space 4352K,   0% used [0x06c40000, 0x06c40000, 0x07080000)
 tenured generation   total 87424K, used 16130K [0x0f4a0000, 0x14a00000, 0x24a00000)
   the space 87424K,  18% used [0x0f4a0000, 0x10460830, 0x10460a00, 0x14a00000)
 Metaspace       used 17414K, capacity 17822K, committed 17920K, reserved 18816K
Event: 4.662 GC heap after
Heap after GC invocations=5 (full 1):
 def new generation   total 39424K, used 2469K [0x04a00000, 0x074c0000, 0x0f4a0000)
  eden space 35072K,   0% used [0x04a00000, 0x04a00000, 0x06c40000)
  from space 4352K,  56% used [0x06c40000, 0x06ea9440, 0x07080000)
  to   space 4352K,   0% used [0x07080000, 0x07080000, 0x074c0000)
 tenured generation   total 87424K, used 49153K [0x0f4a0000, 0x14a00000, 0x24a00000)
   the space 87424K,  56% used [0x0f4a0000, 0x124a0518, 0x124a0600, 0x14a00000)
 Metaspace       used 17414K, capacity 17822K, committed 17920K, reserved 18816K
}
Event: 629.134 GC heap before
{Heap before GC invocations=5 (full 1):
 def new generation   total 39424K, used 37541K [0x04a00000, 0x074c0000, 0x0f4a0000)
  eden space 35072K, 100% used [0x04a00000, 0x06c40000, 0x06c40000)
  from space 4352K,  56% used [0x06c40000, 0x06ea9440, 0x07080000)
  to   space 4352K,   0% used [0x07080000, 0x07080000, 0x074c0000)
 tenured generation   total 87424K, used 49153K [0x0f4a0000, 0x14a00000, 0x24a00000)
   the space 87424K,  56% used [0x0f4a0000, 0x124a0518, 0x124a0600, 0x14a00000)
 Metaspace       used 18117K, capacity 18554K, committed 18688K, reserved 18816K
Event: 629.155 GC heap after
Heap after GC invocations=6 (full 1):
 def new generation   total 39424K, used 4352K [0x04a00000, 0x074c0000, 0x0f4a0000)
  eden space 35072K,   0% used [0x04a00000, 0x04a00000, 0x06c40000)
  from space 4352K, 100% used [0x07080000, 0x074c0000, 0x074c0000)
  to   space 4352K,   0% used [0x06c40000, 0x06c40000, 0x07080000)
 tenured generation   total 87424K, used 53672K [0x0f4a0000, 0x14a00000, 0x24a00000)
   the space 87424K,  61% used [0x0f4a0000, 0x1290a1d8, 0x1290a200, 0x14a00000)
 Metaspace       used 18117K, capacity 18554K, committed 18688K, reserved 18816K
}

